HttpsServer Start :8888
SIGQUIT: quit
PC=0x45ef59 m=0 sigcode=0

goroutine 0 [idle]:
runtime.epollwait(0x4, 0x7fff56592f90, 0xffffffff00000080, 0x0, 0xffffffff00000002, 0x2000000000, 0x0, 0x0, 0x0, 0x0, ...)
	/usr/local/go/src/runtime/sys_linux_amd64.s:576 +0x19
runtime.netpoll(0xc420020001, 0x1)
	/usr/local/go/src/runtime/netpoll_epoll.go:71 +0x12c
runtime.findrunnable(0xc420020000, 0x0)
	/usr/local/go/src/runtime/proc.go:2107 +0x5fb
runtime.schedule()
	/usr/local/go/src/runtime/proc.go:2245 +0x12c
runtime.park_m(0xc420001080)
	/usr/local/go/src/runtime/proc.go:2308 +0xb6
runtime.mcall(0x7fff56593700)
	/usr/local/go/src/runtime/asm_amd64.s:286 +0x5b

goroutine 1 [chan receive]:
testing.(*T).Run(0xc42011c000, 0x84ebe8, 0x9, 0x868ad8, 0x47d6d6)
	/usr/local/go/src/testing/testing.go:790 +0x2fc
testing.runTests.func1(0xc42011c000)
	/usr/local/go/src/testing/testing.go:1004 +0x64
testing.tRunner(0xc42011c000, 0xc42004dde0)
	/usr/local/go/src/testing/testing.go:746 +0xd0
testing.runTests(0xc4200cab20, 0xa778d0, 0x1, 0x1, 0xc42004de60)
	/usr/local/go/src/testing/testing.go:1002 +0x2d8
testing.(*M).Run(0xc42004df18, 0xc42004df70)
	/usr/local/go/src/testing/testing.go:921 +0x111
main.main()
	github.com/luopengift/gohttp/_test/_testmain.go:44 +0xdb

goroutine 5 [IO wait]:
internal/poll.runtime_pollWait(0x7f37fef82f70, 0x72, 0xffffffffffffffff)
	/usr/local/go/src/runtime/netpoll.go:173 +0x57
internal/poll.(*pollDesc).wait(0xc4200f8218, 0x72, 0xc42003dc00, 0x0, 0x0)
	/usr/local/go/src/internal/poll/fd_poll_runtime.go:85 +0xae
internal/poll.(*pollDesc).waitRead(0xc4200f8218, 0xffffffffffffff00, 0x0, 0x0)
	/usr/local/go/src/internal/poll/fd_poll_runtime.go:90 +0x3d
internal/poll.(*FD).Accept(0xc4200f8200, 0x0, 0x0, 0x0, 0x0, 0x0, 0x0, 0x0)
	/usr/local/go/src/internal/poll/fd_unix.go:334 +0x1e2
net.(*netFD).accept(0xc4200f8200, 0x7f37fefde000, 0x0, 0x869500)
	/usr/local/go/src/net/fd_unix.go:238 +0x42
net.(*TCPListener).accept(0xc42000e528, 0xc42003ddc0, 0x412888, 0x30)
	/usr/local/go/src/net/tcpsock_posix.go:136 +0x2e
net.(*TCPListener).AcceptTCP(0xc42000e528, 0xc420061f50, 0xc420061f50, 0x7d2000)
	/usr/local/go/src/net/tcpsock.go:234 +0x49
net/http.tcpKeepAliveListener.Accept(0xc42000e528, 0xc4200160f8, 0x7d2000, 0xa76af0, 0x83ac20)
	/usr/local/go/src/net/http/server.go:3120 +0x2f
net/http.(*Server).Serve(0xc4200f2270, 0xa4a400, 0xc42000e528, 0x0, 0x0)
	/usr/local/go/src/net/http/server.go:2695 +0x1b2
net/http.(*Server).ListenAndServe(0xc4200f2270, 0x2, 0x2)
	/usr/local/go/src/net/http/server.go:2636 +0xa9
github.com/luopengift/gohttp.(*Application).Run(0xc4200cab40, 0x0, 0x0, 0x0)
	/data/golang/src/github.com/luopengift/gohttp/app.go:50 +0xef
github.com/luopengift/gohttp.Test_http(0xc42011c0f0)
	/data/golang/src/github.com/luopengift/gohttp/gohttp_test.go:10 +0x6d
testing.tRunner(0xc42011c0f0, 0x868ad8)
	/usr/local/go/src/testing/testing.go:746 +0xd0
created by testing.(*T).Run
	/usr/local/go/src/testing/testing.go:789 +0x2de

rax    0xfffffffffffffffc
rbx    0xffffffff
rcx    0xffffffffffffffff
rdx    0x80
rdi    0x4
rsi    0x7fff56592f90
rbp    0x7fff56593590
rsp    0x7fff56592f50
r8     0xa43628
r9     0x7f37fef82f70
r10    0xffffffff
r11    0x246
r12    0x0
r13    0xff
r14    0xff
r15    0x3
rip    0x45ef59
rflags 0x246
cs     0x33
fs     0x0
gs     0x0
*** Test killed with quit: ran too long (10m0s).
FAIL	github.com/luopengift/gohttp	600.005s
